[debug] [2023-12-20T04:07:39.176Z] ----------------------------------------------------------------------
[debug] [2023-12-20T04:07:39.180Z] Command:       /opt/homebrew/Cellar/node/20.7.0/bin/node /opt/homebrew/bin/firebase init
[debug] [2023-12-20T04:07:39.181Z] CLI Version:   13.0.2
[debug] [2023-12-20T04:07:39.181Z] Platform:      darwin
[debug] [2023-12-20T04:07:39.181Z] Node Version:  v20.7.0
[debug] [2023-12-20T04:07:39.181Z] Time:          Tue Dec 19 2023 22:07:39 GMT-0600 (Central Standard Time)
[debug] [2023-12-20T04:07:39.181Z] ----------------------------------------------------------------------
[debug] 
[debug] [2023-12-20T04:07:39.183Z] > command requires scopes: ["email","openid","https://www.googleapis.com/auth/cloudplatformprojects.readonly","https://www.googleapis.com/auth/firebase","https://www.googleapis.com/auth/cloud-platform"]
[debug] [2023-12-20T04:07:39.184Z] > authorizing via signed-in user (jose.flores94h@gmail.com)
[info] 
     ######## #### ########  ######## ########     ###     ######  ########
     ##        ##  ##     ## ##       ##     ##  ##   ##  ##       ##
     ######    ##  ########  ######   ########  #########  ######  ######
     ##        ##  ##    ##  ##       ##     ## ##     ##       ## ##
     ##       #### ##     ## ######## ########  ##     ##  ######  ########

You're about to initialize a Firebase project in this directory:

  /Users/joseflores/Desktop/ANGULAR/todoapp

[info] 
=== Project Setup
[info] 
[info] First, let's associate this project directory with a Firebase project.
[info] You can create multiple project aliases by running firebase use --add, 
[info] but for now we'll just set up a default project.
[info] 
[debug] [2023-12-20T04:08:38.724Z] >>> [apiv2][query] GET https://firebase.googleapis.com/v1beta1/projects pageSize=100
[debug] [2023-12-20T04:08:40.048Z] <<< [apiv2][status] GET https://firebase.googleapis.com/v1beta1/projects 200
[debug] [2023-12-20T04:08:40.049Z] <<< [apiv2][body] GET https://firebase.googleapis.com/v1beta1/projects [omitted]
